[01m[K/home/slwanna/maidbot_interview/src/fake_odom/src/odom_pub.cpp:[m[K In function â€˜[01m[Kint main(int, char**)[m[Kâ€™:
[01m[K/home/slwanna/maidbot_interview/src/fake_odom/src/odom_pub.cpp:64:9:[m[K [01;31m[Kerror: [m[Kâ€˜[01m[Kodom_quat[m[Kâ€™ was not declared in this scope
         odom_quat = tf::createQuaternionMsgFromYaw(th);
[01;32m[K         ^[m[K
[01m[K/home/slwanna/maidbot_interview/src/fake_odom/src/odom_pub.cpp:64:52:[m[K [01;31m[Kerror: [m[Kâ€˜[01m[Kth[m[Kâ€™ was not declared in this scope
         odom_quat = tf::createQuaternionMsgFromYaw(th);
[01;32m[K                                                    ^[m[K
[01m[K/home/slwanna/maidbot_interview/src/fake_odom/src/odom_pub.cpp:65:75:[m[K [01;31m[Kerror: [m[Kâ€˜[01m[Kx[m[Kâ€™ was not declared in this scope
         odom_node->odom_trans_update(odom_node->odom_trans, current_time, x, y, odom_quat);
[01;32m[K                                                                           ^[m[K
[01m[K/home/slwanna/maidbot_interview/src/fake_odom/src/odom_pub.cpp:65:78:[m[K [01;31m[Kerror: [m[Kâ€˜[01m[Ky[m[Kâ€™ was not declared in this scope
         odom_node->odom_trans_update(odom_node->odom_trans, current_time, x, y, odom_quat);
[01;32m[K                                                                              ^[m[K
[01m[K/home/slwanna/maidbot_interview/src/fake_odom/src/odom_pub.cpp:68:9:[m[K [01;31m[Kerror: [m[Kâ€˜[01m[Kodom_broadcaster[m[Kâ€™ was not declared in this scope
         odom_broadcaster.sendTransform(odom_trans);
[01;32m[K         ^[m[K
[01m[K/home/slwanna/maidbot_interview/src/fake_odom/src/odom_pub.cpp:68:40:[m[K [01;31m[Kerror: [m[Kâ€˜[01m[Kodom_trans[m[Kâ€™ was not declared in this scope
         odom_broadcaster.sendTransform(odom_trans);
[01;32m[K                                        ^[m[K
[01m[K/home/slwanna/maidbot_interview/src/fake_odom/src/odom_pub.cpp:83:37:[m[K [01;31m[Kerror: [m[Kâ€˜[01m[Kvx[m[Kâ€™ was not declared in this scope
         odom.twist.twist.linear.x = vx;
[01;32m[K                                     ^[m[K
[01m[K/home/slwanna/maidbot_interview/src/fake_odom/src/odom_pub.cpp:84:37:[m[K [01;31m[Kerror: [m[Kâ€˜[01m[Kvy[m[Kâ€™ was not declared in this scope
         odom.twist.twist.linear.y = vy;
[01;32m[K                                     ^[m[K
[01m[K/home/slwanna/maidbot_interview/src/fake_odom/src/odom_pub.cpp:85:38:[m[K [01;31m[Kerror: [m[Kâ€˜[01m[Kvth[m[Kâ€™ was not declared in this scope
         odom.twist.twist.angular.z = vth;
[01;32m[K                                      ^[m[K
[01m[K/home/slwanna/maidbot_interview/src/fake_odom/src/odom_pub.cpp:88:9:[m[K [01;31m[Kerror: [m[Kâ€˜[01m[Kodom_pub[m[Kâ€™ was not declared in this scope
         odom_pub.publish(odom);
[01;32m[K         ^[m[K
make[2]: *** [CMakeFiles/fake_odom.dir/src/odom_pub.cpp.o] Error 1
make[1]: *** [CMakeFiles/fake_odom.dir/all] Error 2
make: *** [all] Error 2
