[35m[1mScanning dependencies of target fake_odom[0m
[ 25%] [32mBuilding CXX object CMakeFiles/fake_odom.dir/src/odom_pub.cpp.o[0m
[01m[K/home/slwanna/maidbot_interview/src/fake_odom/src/odom_pub.cpp:[m[K In function â€˜[01m[Kint main(int, char**)[m[Kâ€™:
[01m[K/home/slwanna/maidbot_interview/src/fake_odom/src/odom_pub.cpp:76:51:[m[K [01;31m[Kerror: [m[Kâ€˜[01m[Kodom_trans[m[Kâ€™ was not declared in this scope
         odom_node->odom_broadcaster.sendTransform(odom_trans);
[01;32m[K                                                   ^[m[K
CMakeFiles/fake_odom.dir/build.make:62: recipe for target 'CMakeFiles/fake_odom.dir/src/odom_pub.cpp.o' failed
make[2]: *** [CMakeFiles/fake_odom.dir/src/odom_pub.cpp.o] Error 1
make[1]: *** [CMakeFiles/fake_odom.dir/all] Error 2
CMakeFiles/Makefile2:936: recipe for target 'CMakeFiles/fake_odom.dir/all' failed
Makefile:138: recipe for target 'all' failed
make: *** [all] Error 2
