[01m[K/home/slwanna/maidbot_interview/src/fake_odom/src/odom_pub.cpp:[m[K In function â€˜[01m[Kint main(int, char**)[m[Kâ€™:
[01m[K/home/slwanna/maidbot_interview/src/fake_odom/src/odom_pub.cpp:76:51:[m[K [01;31m[Kerror: [m[Kâ€˜[01m[Kodom_trans[m[Kâ€™ was not declared in this scope
         odom_node->odom_broadcaster.sendTransform(odom_trans);
[01;32m[K                                                   ^[m[K
make[2]: *** [CMakeFiles/fake_odom.dir/src/odom_pub.cpp.o] Error 1
make[1]: *** [CMakeFiles/fake_odom.dir/all] Error 2
make: *** [all] Error 2
